<?xml version="1.0" encoding="UTF-8"?>
<!-- Generated by org.testng.reporters.JUnitReportReporter -->
<testsuite hostname="Admin-PC" name="TestCases.RelativeLocators_2" tests="1" failures="0" timestamp="17 Dec 2019 15:35:42 GMT" time="10.271" errors="0">
  <testcase name="relativeLocators" time="10.271" classname="TestCases.RelativeLocators_2"/>
</testsuite> <!-- TestCases.RelativeLocators_2 -->
