<?xml version="1.0" encoding="UTF-8"?>
<!-- Generated by org.testng.reporters.JUnitReportReporter -->
<testsuite hostname="Admin-PC" name="TestCases.WebElementScreenshot" tests="1" failures="0" timestamp="21 Dec 2019 15:26:01 GMT" time="25.268" errors="0">
  <testcase name="takeWebElementScreenshot" time="25.268" classname="TestCases.WebElementScreenshot"/>
</testsuite> <!-- TestCases.WebElementScreenshot -->
