<?xml version="1.0" encoding="UTF-8"?>
<!-- Generated by org.testng.reporters.JUnitReportReporter -->
<testsuite hostname="Admin-PC" name="TestCases.RelativeLocators" tests="1" failures="0" timestamp="17 Dec 2019 14:35:46 GMT" time="60.309" errors="0">
  <testcase name="relativeLocators" time="60.309" classname="TestCases.RelativeLocators"/>
</testsuite> <!-- TestCases.RelativeLocators -->
