<?xml version="1.0" encoding="UTF-8"?>
<!-- Generated by org.testng.reporters.JUnitReportReporter -->
<testsuite hostname="Admin-PC" name="TestCases.WebElementScreenshot_1" tests="1" failures="0" timestamp="21 Dec 2019 16:12:40 GMT" time="29.156" errors="0">
  <testcase name="takeWebElementScreenshot" time="29.156" classname="TestCases.WebElementScreenshot_1"/>
</testsuite> <!-- TestCases.WebElementScreenshot_1 -->
