<?xml version="1.0" encoding="UTF-8"?>
<!-- Generated by org.testng.reporters.JUnitReportReporter -->
<testsuite hostname="Admin-PC" name="TestCases.GetRectMethodTest" tests="1" failures="0" timestamp="22 Dec 2019 15:21:20 GMT" time="24.561" errors="0">
  <testcase name="getRectMethodTest" time="24.561" classname="TestCases.GetRectMethodTest"/>
</testsuite> <!-- TestCases.GetRectMethodTest -->
