<?xml version="1.0" encoding="UTF-8"?>
<!-- Generated by org.testng.reporters.JUnitReportReporter -->
<testsuite hostname="Admin-PC" name="TestCases.WebElementScreenshot_3" tests="1" failures="0" timestamp="21 Dec 2019 17:24:09 GMT" time="13.089" errors="0">
  <testcase name="takeWebElementsScreenshot_2" time="13.089" classname="TestCases.WebElementScreenshot_3"/>
</testsuite> <!-- TestCases.WebElementScreenshot_3 -->
