<?xml version="1.0" encoding="UTF-8"?>
<!-- Generated by org.testng.reporters.JUnitReportReporter -->
<testsuite hostname="Admin-PC" name="TestCases.OpenNewBlankTabOrWindow" tests="1" failures="0" timestamp="17 Dec 2019 15:38:41 GMT" time="28.131" errors="0">
  <testcase name="openNewBlankTabOrWindow" time="28.131" classname="TestCases.OpenNewBlankTabOrWindow"/>
</testsuite> <!-- TestCases.OpenNewBlankTabOrWindow -->
