<?xml version="1.0" encoding="UTF-8"?>
<!-- Generated by org.testng.reporters.JUnitReportReporter -->
<testsuite hostname="Admin-PC" name="TestCases.WebElementScreenshot_2" tests="1" failures="0" timestamp="21 Dec 2019 16:14:38 GMT" time="23.156" errors="0">
  <testcase name="takeWebElementScreenshot" time="23.156" classname="TestCases.WebElementScreenshot_2"/>
</testsuite> <!-- TestCases.WebElementScreenshot_2 -->
