<?xml version="1.0" encoding="UTF-8"?>
<!-- Generated by org.testng.reporters.JUnitReportReporter -->
<testsuite hostname="Admin-PC" name="SeleniumTestCases.OpenNewBlankTabOrWindow" tests="1" failures="0" timestamp="16 Dec 2019 15:00:51 GMT" time="24.493" errors="0">
  <testcase name="openNewBlankTabOrWindow" time="24.493" classname="SeleniumTestCases.OpenNewBlankTabOrWindow"/>
</testsuite> <!-- SeleniumTestCases.OpenNewBlankTabOrWindow -->
