<?xml version="1.0" encoding="UTF-8"?>
<!-- Generated by org.testng.reporters.JUnitReportReporter -->
<testsuite hostname="Admin-PC" name="TestCases.RelativeLocators_1" tests="1" failures="0" timestamp="17 Dec 2019 15:34:25 GMT" time="18.693" errors="0">
  <testcase name="relativeLocators" time="18.693" classname="TestCases.RelativeLocators_1"/>
</testsuite> <!-- TestCases.RelativeLocators_1 -->
